   8   2017/11/21   06:58:32.000   17.3600   -101.4300    27.10    3.70  0.8684    59.6700      20171121065832.00
   6   2017/11/22   02:49:22.000   17.2000   -100.1400    49.20    3.80  0.8216    48.5100      20171122024922.00
   3   2017/11/24   00:50:11.000   17.1700   -100.0900    31.00    3.40  0.8916    65.4500      20171124005011.00
   9   2017/11/25   06:57:03.000   17.0200   -100.0600     5.00    3.50  0.8995    56.9400      20171125065703.00
  38   2017/11/25   21:44:24.000   17.0300   -100.9200    12.00    3.60  0.8999    60.7700      20171125214424.00
  10   2017/11/26   05:04:44.000   17.5000   -101.0500    51.20    3.60  0.8930    59.3000      20171126050444.00
  32   2017/11/26   13:32:19.000   17.1800   -100.3300    46.00    3.50  0.7863    50.4800      20171126133219.00
  55   2017/11/28   23:05:49.000   16.2700   -100.8600    19.40    3.90  0.8516    65.3800      20171128230549.00
   2   2017/11/29   00:20:58.000   17.0600   -100.7600    38.60    3.50  0.8622    61.5100      20171129002058.00
  17   2017/11/29   05:56:46.000   17.4400   -101.5300    27.30    3.60  0.8024    54.5500      20171129055646.00
   1   2017/12/01   00:28:59.000   17.5700   -101.3900    10.00    3.60  0.8773    57.4500      20171201002859.00
  14   2017/12/01   02:50:49.000   17.6400   -101.1800     5.00    3.00  0.8225    56.9700      20171201025049.00
  32   2017/12/01   05:48:51.000   17.0200   -100.7400     5.00    3.60  0.7945    53.4000      20171201054851.00
  38   2017/12/01   07:26:55.000   17.1000   -100.4000    39.80    3.10  0.8740    52.6300      20171201072655.00
  43   2017/12/01   08:38:23.000   17.1600   -100.2200    45.90    3.80  0.8924    59.9300      20171201083823.00
  44   2017/12/01   08:57:30.000   17.1400   -100.4200    40.80    3.20  0.7939    51.1300      20171201085730.00
  14   2017/12/02   04:46:14.000   16.8900   -100.1600    24.10    3.40  0.8847    59.5200      20171202044614.00
  64   2017/12/02   21:13:49.000   17.2700   -101.3100    16.40    3.40  0.8912    69.0000      20171202211349.00
  25   2017/12/04   14:52:36.000   17.4000   -100.7400    37.70    3.50  0.7921    55.7500      20171204145236.00
  28   2017/12/07   18:19:36.000   16.3000   -100.8800    16.00    3.80  0.8535    64.8600      20171207181936.00
  26   2017/12/11   20:03:17.000   17.5600   -101.0900    53.60    3.30  0.8692    55.1700      20171211200317.00
   8   2017/12/13   02:52:49.000   17.2600   -100.8600    40.70    3.60  0.8175    62.0600      20171213025249.00
  22   2017/12/13   06:18:06.000   17.3700   -100.9100    46.00    3.10  0.8553    63.9800      20171213061806.00
  30   2017/12/14   12:04:35.000   17.1300   -100.2300    50.40    4.00  0.8983    68.9900      20171214120435.00
   3   2017/12/15   02:21:14.000   17.0800   -100.1700    43.50    3.50  0.8968    65.1300      20171215022114.00
  12   2017/12/15   15:55:56.000   17.5000   -100.9800    51.00    3.60  0.8938    63.2000      20171215155556.00
  13   2017/12/15   17:42:53.000   17.0900   -100.0300    45.40    3.30  0.8736    61.2200      20171215174253.00
  39   2017/12/16   07:17:50.000   17.5200   -101.3200    37.10    3.90  0.8757    60.9100      20171216071750.00
  69   2017/12/16   14:41:46.000   16.2600   -100.9100    16.30    3.60  0.8561    63.0400      20171216144146.00
  73   2017/12/16   14:54:24.000   17.2500   -101.4200    20.00    3.40  0.8964    58.7500      20171216145424.00
  86   2017/12/16   20:02:16.000   17.0300   -100.2100    43.70    3.80  0.8908    63.8400      20171216200216.00
  19   2017/12/17   10:57:08.000   17.0800   -101.2600    16.10    3.70  0.8713    54.9500      20171217105708.00
  18   2017/12/19   08:57:21.000   17.5900   -101.3000    30.70    4.40  0.8464    59.7800      20171219085721.00
   3   2017/12/20   02:33:21.000   17.2700   -100.3200    43.50    3.90  0.8532    50.9400      20171220023321.00
   9   2017/12/20   06:29:47.000   17.0800   -100.4200    52.70    3.50  0.7923    53.2700      20171220062947.00
  57   2017/12/20   11:57:51.000   16.8600   -100.1100     4.10    3.90  0.8259    57.0000      20171220115751.00
  93   2017/12/20   20:32:45.000   17.1100   -101.0200    31.40    3.70  0.8216    57.4200      20171220203245.00
   2   2017/12/22   01:04:25.000   17.3500   -100.9800    12.10    4.00  0.8735    68.1300      20171222010425.00
   1   2017/12/24   00:37:44.000   16.9000   -100.5100     7.60    3.60  0.8740    65.2900      20171224003744.00
   5   2017/12/24   09:34:53.000   17.0800   -100.1600    43.10    3.50  0.8678    58.6800      20171224093453.00
  14   2017/12/24   13:19:54.000   17.2400   -100.9100    10.00    3.60  0.8885    70.8100      20171224131954.00
  21   2017/12/25   14:58:00.000   16.2600   -100.8200    15.00    3.70  0.7519    54.2400      20171225145800.00
   6   2017/12/26   03:09:23.000   17.1800   -100.4000    39.30    3.90  0.8734    64.5900      20171226030923.00
   4   2017/12/29   05:22:08.000   16.7600   -100.8900    16.10    3.50  0.8434    60.2700      20171229052208.00
  25   2017/12/30   14:37:59.000   17.6500   -101.2700    48.10    4.40  0.8772    67.9900      20171230143759.00
   9   2017/12/31   09:59:22.000   16.9200   -100.3100    16.30    3.60  0.8632    57.8400      20171231095922.00
  20   2017/12/31   18:58:42.000   17.2700   -100.7300    38.30    3.60  0.8915    68.3800      20171231185842.00
  12   2018/01/04   11:00:02.000   16.7600   -100.0700    16.00    3.10  0.8733    54.2900      20180104110002.00
  13   2018/01/04   11:02:33.000   17.1300   -100.0500    28.00    3.00  0.8356    52.2000      20180104110233.00
  11   2018/01/10   05:48:59.000   16.8700   -100.0400     3.00    3.70  0.8550    60.6600      20180110054859.00
  25   2018/01/11   15:45:37.000   17.3000   -101.3800    29.00    3.30  0.8541    51.0300      20180111154537.00
   2   2018/01/12   00:45:00.000   17.2100   -100.0100    50.00    3.00  0.8744    60.4000      20180112004500.00
  25   2018/01/14   15:48:47.000   17.0400   -100.6200    11.00    3.50  0.8607    59.7300      20180114154847.00
   9   2018/01/16   09:04:17.000   17.2400   -101.0100    16.00    3.50  0.8509    64.0000      20180116090417.00
  15   2018/01/18   14:26:39.000   17.2900   -100.7800    49.00    3.60  0.8939    66.4100      20180118142639.00
  23   2018/01/22   15:32:51.000   17.3000   -101.4300    20.00    3.20  0.8330    53.0900      20180122153251.00
  15   2018/01/26   06:48:56.000   16.9200   -100.0500    20.00    3.30  0.8761    50.7800      20180126064856.00
  15   2018/01/28   22:11:56.000   17.3200   -101.4000    26.00    3.30  0.8618    58.7200      20180128221156.00
  16   2018/01/28   22:12:49.000   17.3200   -101.4000    23.00    3.20  0.8704    58.9800      20180128221249.00
  45   2018/01/29   19:42:02.000   17.0900   -100.1200     2.00    3.40  0.8126    62.8000      20180129194202.00
  19   2018/01/30   08:09:10.000   17.1600   -100.4300    46.00    3.90  0.8642    62.9600      20180130080910.00
   7   2018/02/01   11:47:01.000   16.8500   -100.2500     5.00    3.60  0.8166    53.5400      20180201114701.00
  13   2018/02/05   10:46:45.000   17.0700   -100.4000    33.00    3.50  0.8567    55.3000      20180205104645.00
  23   2018/02/05   21:21:23.000   17.0800   -100.1200    43.00    3.50  0.8316    57.1500      20180205212123.00
   9   2018/02/07   04:15:57.000   16.9500   -100.4500    11.00    3.60  0.8742    65.5600      20180207041557.00
   9   2018/02/10   18:35:56.000   17.6300   -101.1800    56.00    3.70  0.6984    50.1500      20180210183556.00
  24   2018/02/14   21:12:55.000   17.0000   -100.0000     5.00    3.70  0.8886    60.1000      20180214211255.00
   1   2018/02/15   01:59:20.000   16.8800   -100.3400    15.00    3.40  0.8679    58.3400      20180215015920.00
  13   2018/02/15   11:35:17.000   16.9500   -100.5200     6.00    3.50  0.7924    51.3600      20180215113517.00
  15   2018/02/15   13:28:33.000   17.2700   -100.7800    28.00    3.20  0.8098    51.4500      20180215132833.00
   8   2018/02/16   02:58:46.000   17.0600   -100.6500     6.00    3.70  0.8353    61.9900      20180216025846.00
  30   2018/02/16   18:40:27.000   16.8400   -100.2700     6.00    3.00  0.8172    51.0500      20180216184027.00
  26   2018/02/17   20:35:21.000   17.1300   -100.0700    55.00    3.70  0.8996    63.3700      20180217203521.00
  19   2018/02/22   15:23:25.000   17.0700   -100.1800    43.00    3.40  0.8996    54.2200      20180222152325.00
   1   2018/02/28   03:16:52.000   17.0300   -100.8100    10.00    3.60  0.8155    66.3400      20180228031652.00
   3   2018/03/01   16:14:23.000   16.9500   -100.5500     5.00    3.30  0.8879    62.2400      20180301161423.00
   5   2018/03/05   04:29:30.000   17.2000   -101.4400    36.00    3.80  0.8636    61.2100      20180305042930.00
  19   2018/03/08   15:46:55.000   17.3100   -100.7400     5.00    3.60  0.8789    66.9700      20180308154655.00
   1   2018/03/09   05:39:40.000   17.6200   -101.3400    46.00    3.50  0.8972    70.6000      20180309053940.00
  20   2018/03/13   21:30:48.000   16.5500   -101.1000    10.00    3.50  0.8424    59.9500      20180313213048.00
   7   2018/03/14   04:38:00.000   17.1500   -101.1900    10.00    3.80  0.7691    60.5200      20180314043800.00
  15   2018/03/14   08:37:12.000   17.1800   -100.0400    32.00    3.50  0.7947    57.6600      20180314083712.00
  17   2018/03/14   09:17:48.000   17.6400   -101.4500    50.00    3.80  0.8875    67.1300      20180314091748.00
  20   2018/03/14   12:52:56.000   17.7000   -100.7500    55.00    3.90  0.8662    72.4600      20180314125256.00
  13   2018/03/20   23:24:40.000   17.6000   -101.3400    46.00    4.00  0.8702    62.7500      20180320232440.00
  22   2018/03/22   19:57:41.000   16.7600   -100.9100    16.00    3.70  0.8486    61.8200      20180322195741.00
  29   2018/03/23   06:35:21.000   16.8200   -100.1900     3.00    3.90  0.7928    56.4100      20180323063521.00
  48   2018/03/23   07:46:00.000   17.1000   -100.9700    11.00    3.70  0.8607    70.0300      20180323074600.00
  60   2018/03/23   15:20:16.000   17.3400   -100.9000    46.00    3.90  0.8707    68.5900      20180323152016.00
  17   2018/03/27   10:37:46.000   17.4700   -101.5900    11.00    3.60  0.7571    52.9300      20180327103746.00
   5   2018/03/28   00:41:43.000   17.4800   -101.2300    43.00    3.70  0.7200    55.1100      20180328004143.00
   5   2018/03/31   10:49:37.000   16.9200   -100.3400     9.00    3.50  0.8407    56.5200      20180331104937.00
  28   2018/04/05   19:56:04.000   17.1900   -100.2400    52.00    3.60  0.8548    58.4700      20180405195604.00
  31   2018/04/07   16:01:52.000   16.8800   -100.2400     8.00    3.50  0.8733    57.3800      20180407160152.00
  33   2018/04/07   18:41:50.000   16.6800   -100.2600    16.00    3.30  0.7871    56.0700      20180407184150.00
  36   2018/04/07   19:40:32.000   17.2700   -100.3000    53.00    2.90  0.8793    61.3400      20180407194032.00
  43   2018/04/09   23:23:24.000   17.1600   -100.1900    57.00    3.40  0.8257    53.1400      20180409232324.00
  17   2018/04/12   19:31:51.000   17.2900   -100.4100    49.00    3.50  0.8999    62.5400      20180412193151.00
   6   2018/04/13   07:59:09.000   17.4000   -101.4100    28.00    3.90  0.8600    57.5200      20180413075909.00
   7   2018/04/15   08:38:42.000   17.2300   -100.4300    38.00    3.40  0.8624    63.7500      20180415083842.00
   7   2018/04/16   03:22:55.000   17.2600   -101.5100    33.00    3.80  0.8660    57.6100      20180416032255.00
   8   2018/04/17   09:56:12.000   17.3100   -100.9200    20.00    3.60  0.8991    70.5700      20180417095612.00
   1   2018/04/18   04:43:13.000   17.0700   -100.3800    20.00    3.50  0.8308    60.0800      20180418044313.00
  23   2018/04/19   20:59:10.000   16.8400   -100.4300     5.00    3.50  0.8793    45.8200      20180419205910.00
  12   2018/04/21   13:21:34.000   17.0600   -100.0000     5.00    3.40  0.8873    60.1600      20180421132134.00
  12   2018/04/25   13:17:21.000   17.0400   -100.6500     6.00    3.60  0.8882    70.7300      20180425131721.00
   7   2018/04/27   04:36:24.000   17.1300   -100.0600    35.00    3.60  0.8194    59.2300      20180427043624.00
  22   2018/04/27   19:18:46.000   16.8400   -100.1000     5.00    3.90  0.8565    61.7000      20180427191846.00
  11   2018/04/30   06:41:36.000   17.1300   -100.8100     8.00    3.40  0.8560    66.8500      20180430064136.00
  15   2018/04/30   07:09:34.000   16.8800   -100.3400     4.00    3.60  0.8572    57.5400      20180430070934.00
  32   2018/04/30   20:15:28.000   17.1800   -100.0800    14.00    3.40  0.8225    53.7900      20180430201528.00
  30   2018/05/01   23:24:20.000   17.1300   -100.8600    43.00    3.50  0.8182    60.7600      20180501232420.00
   7   2018/05/02   00:56:17.000   17.6300   -101.3600    44.00    3.70  0.8315    61.3000      20180502005617.00
   9   2018/05/05   06:57:41.000   17.3000   -100.4400    28.00    4.10  0.8679    71.6500      20180505065741.00
  29   2018/05/05   16:49:20.000   17.3800   -100.3700    30.00    3.20  0.8737    60.5500      20180505164920.00
  20   2018/05/07   15:55:05.000   17.1000   -101.0900    16.00    3.70  0.8915    67.2100      20180507155505.00
  23   2018/05/09   23:14:32.000   16.9800   -100.4200    26.00    3.40  0.8985    68.6200      20180509231432.00
  18   2018/05/10   13:17:44.000   17.4300   -101.1600    39.00    3.20  0.8565    66.6500      20180510131744.00
  25   2018/05/10   22:15:23.000   17.4800   -100.2200    58.00    3.70  0.8542    62.6100      20180510221523.00
   4   2018/05/13   04:37:23.000   16.9800   -100.0800     6.00    3.60  0.8992    62.3700      20180513043723.00
   8   2018/05/16   05:10:12.000   17.2400   -100.2300    55.00    3.40  0.8161    59.2900      20180516051012.00
  10   2018/05/17   14:22:21.000   16.8500   -100.2700    10.00    3.80  0.8969    57.3000      20180517142221.00
  12   2018/05/18   11:10:47.000   16.8100   -100.2500     4.00    3.60  0.7815    51.4700      20180518111047.00
   7   2018/05/19   05:49:59.000   17.0500   -100.0600    44.00    3.90  0.8331    60.3500      20180519054959.00
  30   2018/05/20   20:49:53.000   16.9300   -100.3800    14.00    3.20  0.8600    52.5500      20180520204953.00
  13   2018/05/21   18:29:07.000   17.0400   -100.0800     3.00    3.20  0.8995    57.9700      20180521182907.00
  10   2018/05/31   06:38:46.000   17.2700   -101.1400    29.00    3.70  0.8488    58.6900      20180531063846.00
  34   2018/06/02   15:40:28.000   17.1700   -101.4300    16.00    3.70  0.8022    54.8600      20180602154028.00
   1   2018/06/04   00:01:37.000   16.9200   -100.0700    10.00    3.50  0.8872    62.2400      20180604000137.00
  17   2018/06/04   18:58:30.000   16.8500   -100.2600     7.00    3.40  0.8509    56.8100      20180604185830.00
  20   2018/06/04   19:43:55.000   16.9900   -100.6100     6.00    3.60  0.7877    59.0800      20180604194355.00
  23   2018/06/05   03:40:40.000   17.0800   -101.0800    18.00    3.70  0.8175    75.3500      20180605034040.00
   7   2018/06/06   13:27:39.000   17.3100   -100.7700    27.00    3.50  0.7991    60.2700      20180606132739.00
   4   2018/06/07   04:01:16.000   17.0500   -100.0900    40.00    3.60  0.7992    57.7100      20180607040116.00
  19   2018/06/07   19:34:08.000   16.3500   -100.3700     5.00    3.60  0.8356    59.4600      20180607193408.00
   7   2018/06/08   03:02:26.000   17.1100   -100.4100    40.00    3.40  0.8766    58.7000      20180608030226.00
  11   2018/06/08   04:32:53.000   16.9400   -100.7300     5.00    3.90  0.8725    65.4200      20180608043253.00
   1   2018/06/13   00:59:16.000   17.1700   -100.9000    30.00    3.80  0.7990    61.6200      20180613005916.00
   8   2018/06/13   10:34:36.000   17.4200   -101.3900    29.00    3.50  0.8415    60.7500      20180613103436.00
   9   2018/06/13   11:42:08.000   17.1500   -100.1200    54.00    3.40  0.8404    53.8500      20180613114208.00
   9   2018/06/14   06:02:13.000   16.7100   -100.0300    20.00    3.80  0.8520    50.2400      20180614060213.00
  10   2018/06/16   13:33:51.000   17.5100   -100.7800    35.00    3.80  0.8905    64.2400      20180616133351.00
  12   2018/06/16   15:03:12.000   17.0300   -100.6400    27.00    3.60  0.8349    62.4900      20180616150312.00
   2   2018/06/17   02:47:22.000   17.1300   -101.0200    38.00    3.70  0.8791    65.4700      20180617024722.00
   8   2018/06/20   03:20:54.000   16.9000   -100.5400     3.00    3.60  0.7664    52.7500      20180620032054.00
  12   2018/06/20   08:10:37.000   17.3500   -100.7900    24.00    3.60  0.8815    70.8800      20180620081037.00
   6   2018/06/25   13:21:43.000   16.8700   -100.4300     5.00    4.00  0.7833    55.5500      20180625132143.00
  13   2018/06/25   17:25:43.000   16.9100   -101.7400    16.00    3.70  0.8409    58.4700      20180625172543.00
   4   2018/06/28   05:41:30.000   17.7300   -101.4100    47.00    3.90  0.8313    56.2700      20180628054130.00
   6   2018/06/28   06:29:24.000   16.9200   -100.5700     2.00    3.90  0.7625    53.7000      20180628062924.00
  15   2018/07/07   15:41:29.000   17.1700   -100.9000    30.00    3.40  0.7772    59.1300      20180707154129.00
  38   2018/07/08   22:51:22.000   17.3300   -101.3400    27.00    3.70  0.8736    64.2300      20180708225122.00
  12   2018/07/13   12:05:45.000   17.1500   -100.9900    15.00    3.70  0.8871    67.1700      20180713120545.00
   4   2018/07/14   04:22:31.000   17.2600   -100.2300    50.20    3.60  0.8313    57.7800      20180714042231.00
  34   2018/07/17   23:07:25.000   17.2400   -100.1300    51.80    3.80  0.8764    65.5300      20180717230725.00
  26   2018/07/19   22:30:04.000   17.2900   -100.5200    29.40    3.70  0.8809    71.7800      20180719223004.00
   1   2018/07/21   00:28:46.000   17.0400   -100.6600     5.70    3.50  0.8060    61.6200      20180721002846.00
  14   2018/07/21   15:28:12.000   16.9800   -100.4700    11.90    3.70  0.8962    63.5900      20180721152812.00
   7   2018/07/24   04:18:35.000   16.9100   -100.0300     1.40    3.80  0.8863    62.3100      20180724041835.00
  26   2018/07/27   23:03:03.000   17.1500   -100.4000    35.20    3.70  0.8147    62.1400      20180727230303.00
  13   2018/07/28   22:04:00.000   17.3100   -100.1700    10.00    3.80  0.8631    59.9000      20180728220400.00
   5   2018/08/01   06:24:59.000   17.3500   -101.3400     7.40    3.80  0.8930    63.2200      20180801062459.00
  12   2018/08/01   10:47:14.000   17.2400   -100.6900    41.40    3.80  0.8529    65.1400      20180801104714.00
  14   2018/08/01   12:41:18.000   17.3800   -101.1200    13.20    3.30  0.7046    48.5700      20180801124118.00
  20   2018/08/03   09:55:07.000   16.6700   -100.1800     7.50    3.60  0.8633    64.8600      20180803095507.00
  29   2018/08/03   13:36:17.000   17.0900   -100.2400    10.00    3.30  0.8609    65.2500      20180803133617.00
   3   2018/08/15   02:06:19.000   16.6100   -100.9000    18.10    4.00  0.8886    65.5000      20180815020619.00
   9   2018/08/15   08:56:53.000   16.5900   -100.9100    17.00    3.90  0.8358    58.1900      20180815085653.00
   6   2018/08/16   05:23:53.000   17.3200   -100.4800    14.50    3.20  0.8900    67.3500      20180816052353.00
  23   2018/08/17   16:08:36.000   16.7600   -100.1400    29.60    3.70  0.8095    55.4200      20180817160836.00
  13   2018/08/22   07:23:05.000   17.0100   -100.4600    13.60    3.30  0.8307    54.5200      20180822072305.00
  10   2018/08/23   02:08:16.000   17.3900   -101.4400    36.70    3.40  0.8383    57.9900      20180823020816.00
  29   2018/08/23   07:37:27.000   17.2800   -101.5700    10.00    3.70  0.8928    64.1100      20180823073727.00
  21   2018/08/24   10:19:02.000   16.8800   -100.0700    29.80    3.50  0.8496    67.7000      20180824101902.00
  24   2018/08/26   17:33:44.000   17.0700   -100.6300     5.80    3.30  0.7806    59.2900      20180826173344.00
   2   2018/08/29   02:05:07.000   17.2300   -100.4400    40.10    3.50  0.8199    56.8500      20180829020507.00
  20   2018/08/29   23:24:51.000   17.1700   -101.6900    16.30    3.70  0.8788    57.4600      20180829232451.00
   8   2018/09/01   08:22:20.000   17.2800   -100.2700    41.30    3.40  0.7961    54.3400      20180901082220.00
  24   2018/09/01   17:40:28.000   16.9000   -100.4700     5.00    3.70  0.7999    52.2500      20180901174028.00
   5   2018/09/02   01:24:43.000   17.0800   -100.1600    41.10    3.40  0.8992    66.8600      20180902012443.00
  23   2018/09/02   21:16:12.000   17.3300   -101.0600    41.00    3.70  0.8881    63.7100      20180902211612.00
  21   2018/09/07   18:08:32.000   16.8600   -100.2600    11.40    3.40  0.7772    49.0600      20180907180832.00
   5   2018/09/09   06:50:57.000   17.1000   -100.4800    33.70    3.80  0.8564    68.1500      20180909065057.00
   6   2018/09/09   06:53:34.000   17.2500   -100.9700    12.00    3.30  0.8829    64.6400      20180909065334.00
  27   2018/09/12   12:20:39.000   17.3100   -100.5900    44.30    3.70  0.7846    65.1400      20180912122039.00
   9   2018/09/13   07:49:22.000   16.8200   -100.2100    20.40    3.80  0.8759    67.0600      20180913074922.00
  18   2018/09/13   12:25:29.000   16.8100   -100.2100    12.30    3.60  0.8819    70.8900      20180913122529.00
  15   2018/09/15   11:54:33.000   17.5500   -101.4200    38.00    3.90  0.8524    61.6900      20180915115433.00
  17   2018/09/15   12:22:41.000   17.1300   -100.3100    32.00    3.80  0.8910    69.6600      20180915122241.00
  30   2018/09/17   15:54:29.000   16.9100   -100.1000    28.90    3.50  0.8816    52.9500      20180917155429.00
   2   2018/09/19   01:30:58.000   16.9600   -100.1100    10.00    3.70  0.8821    62.4400      20180919013058.00
   9   2018/09/19   12:46:15.000   17.3100   -100.5200    50.50    3.80  0.8651    72.2400      20180919124615.00
  47   2018/09/25   20:35:09.000   16.8100   -100.1600     4.00    3.50  0.8404    59.3200      20180925203509.00
   4   2018/09/26   06:45:29.000   16.4800   -100.5100    16.10    3.70  0.8007    58.8100      20180926064529.00
  17   2018/09/26   17:19:14.000   17.2800   -100.0100     5.00    3.50  0.8970    62.4200      20180926171914.00
   6   2018/10/03   06:34:15.000   17.0600   -100.0500    39.70    3.40  0.8614    62.1200      20181003063415.00
   4   2018/10/05   05:12:31.000   16.8500   -101.6900    15.00    3.80  0.8933    58.5500      20181005051231.00
  11   2018/10/05   15:14:18.000   16.7800   -100.2100    11.00    3.30  0.8829    56.7700      20181005151418.00
  12   2018/10/05   15:45:07.000   16.8400   -100.2300     6.00    3.50  0.8836    57.6500      20181005154507.00
  14   2018/10/05   17:56:40.000   17.1000   -100.3100    49.70    3.50  0.8934    61.1500      20181005175640.00
  20   2018/10/06   21:08:29.000   17.1700   -100.6700     5.30    3.50  0.8565    62.3800      20181006210829.00
   4   2018/10/07   06:05:25.000   16.9000   -100.1500    27.30    3.70  0.8961    62.3900      20181007060525.00
  16   2018/10/17   05:04:28.000   17.2300   -101.6800     5.00    4.00  0.7404    48.0700      20181017050428.00
  16   2018/10/19   12:31:49.000   17.3000   -100.8300    43.40    3.70  0.8301    68.3800      20181019123149.00
  45   2018/10/23   22:27:18.000   17.0100   -100.5800    12.80    3.50  0.7761    67.6000      20181023222718.00
   7   2018/10/25   06:27:50.000   16.9400   -100.3900    13.80    3.50  0.8561    65.0400      20181025062750.00
  14   2018/10/26   11:09:53.000   17.1600   -100.5300    38.90    3.90  0.8924    68.0200      20181026110953.00
  30   2018/10/26   21:35:18.000   16.9500   -100.4100    11.90    3.80  0.7851    60.5700      20181026213518.00
   7   2018/10/28   16:19:24.000   17.4500   -101.6700     5.00    4.10  0.8886    56.8800      20181028161924.00
  13   2018/10/29   06:36:13.000   16.9000   -100.2500    29.20    3.20  0.8886    52.7200      20181029063613.00
  13   2018/10/30   08:50:53.000   16.8400   -100.2000     8.50    3.60  0.8162    54.8000      20181030085053.00
  26   2018/10/30   22:44:46.000   17.3100   -100.8400     8.80    3.60  0.8922    70.2800      20181030224446.00
   4   2018/10/31   02:39:51.000   17.4600   -101.0400    19.20    3.80  0.8999    66.3400      20181031023951.00
  14   2018/10/31   11:15:02.000   16.9400   -100.0000     5.20    3.50  0.8858    53.6400      20181031111502.00
  14   2018/11/05   13:33:14.000   16.6000   -100.4200     2.00    3.70  0.8433    54.1800      20181105133314.00
  18   2018/11/05   15:34:56.000   16.9000   -101.3900    31.00    3.70  0.8976    66.7000      20181105153456.00
   9   2018/11/08   04:21:29.000   16.9100   -100.1900    27.00    3.30  0.8433    52.0600      20181108042129.00
   8   2018/11/10   08:32:08.000   17.3000   -101.2800    15.00    3.40  0.8861    65.4800      20181110083208.00
  26   2018/11/10   23:31:13.000   17.4500   -101.5100    31.00    3.20  0.8978    60.6600      20181110233113.00
   8   2018/11/13   05:40:48.000   17.1100   -100.4200    11.00    3.70  0.8146    64.2500      20181113054048.00
  30   2018/11/14   19:55:48.000   17.1400   -100.9900    31.00    3.70  0.8478    67.2400      20181114195548.00
